<?xml version="1.0" encoding="UTF-8"?>
<coverage generated="1583958000264" clover="3.2.0">
  <project timestamp="1583958000264" name="All files">
    <metrics statements="24" coveredstatements="23" conditionals="0" coveredconditionals="0" methods="10" coveredmethods="10" elements="34" coveredelements="33" complexity="0" loc="24" ncloc="24" packages="1" files="2" classes="2"/>
    <file name="05.js" path="C:\Labs\caderno-exercicios-js\05.js">
      <metrics statements="6" coveredstatements="6" conditionals="0" coveredconditionals="0" methods="4" coveredmethods="4"/>
      <line num="8" count="1" type="stmt"/>
      <line num="9" count="4" type="stmt"/>
      <line num="10" count="4" type="stmt"/>
      <line num="11" count="1" type="stmt"/>
      <line num="13" count="1" type="stmt"/>
      <line num="16" count="1" type="stmt"/>
    </file>
    <file name="06.js" path="C:\Labs\caderno-exercicios-js\06.js">
      <metrics statements="18" coveredstatements="17" conditionals="0" coveredconditionals="0" methods="6" coveredmethods="6"/>
      <line num="12" count="1" type="stmt"/>
      <line num="14" count="1" type="stmt"/>
      <line num="16" count="2" type="stmt"/>
      <line num="17" count="2" type="stmt"/>
      <line num="18" count="1" type="stmt"/>
      <line num="19" count="1" type="stmt"/>
      <line num="20" count="1" type="stmt"/>
      <line num="22" count="1" type="stmt"/>
      <line num="23" count="1" type="stmt"/>
      <line num="24" count="1" type="stmt"/>
      <line num="25" count="1" type="stmt"/>
      <line num="26" count="1" type="stmt"/>
      <line num="27" count="0" type="stmt"/>
      <line num="30" count="1" type="stmt"/>
      <line num="34" count="1" type="stmt"/>
      <line num="35" count="1" type="stmt"/>
      <line num="36" count="1" type="stmt"/>
      <line num="39" count="1" type="stmt"/>
    </file>
  </project>
</coverage>
