{"C:\\Labs\\caderno-exercicios-js\\05.js": {"path":"C:\\Labs\\caderno-exercicios-js\\05.js","statementMap":{"0":{"start":{"line":8,"column":30},"end":{"line":14,"column":1}},"1":{"start":{"line":9,"column":18},"end":{"line":9,"column":42}},"2":{"start":{"line":9,"column":27},"end":{"line":9,"column":42}},"3":{"start":{"line":10,"column":33},"end":{"line":10,"column":63}},"4":{"start":{"line":10,"column":52},"end":{"line":10,"column":62}},"5":{"start":{"line":11,"column":4},"end":{"line":13,"column":43}},"6":{"start":{"line":13,"column":31},"end":{"line":13,"column":42}},"7":{"start":{"line":16,"column":0},"end":{"line":18,"column":1}}},"fnMap":{"0":{"name":"(anonymous_0)","decl":{"start":{"line":8,"column":30},"end":{"line":8,"column":31}},"loc":{"start":{"line":8,"column":49},"end":{"line":14,"column":1}},"line":8},"1":{"name":"(anonymous_1)","decl":{"start":{"line":9,"column":18},"end":{"line":9,"column":19}},"loc":{"start":{"line":9,"column":27},"end":{"line":9,"column":42}},"line":9},"2":{"name":"(anonymous_2)","decl":{"start":{"line":10,"column":45},"end":{"line":10,"column":46}},"loc":{"start":{"line":10,"column":52},"end":{"line":10,"column":62}},"line":10},"3":{"name":"(anonymous_3)","decl":{"start":{"line":13,"column":16},"end":{"line":13,"column":17}},"loc":{"start":{"line":13,"column":31},"end":{"line":13,"column":42}},"line":13}},"branchMap":{},"s":{"0":1,"1":1,"2":4,"3":1,"4":4,"5":1,"6":1,"7":1},"f":{"0":1,"1":4,"2":4,"3":1},"b":{},"_coverageSchema":"1a1c01bbd47fc00a2c39e90264f33305004495a9","hash":"2d6285fa686c3497f3029f7422f67795f5c2228b"}
,"C:\\Labs\\caderno-exercicios-js\\06.js": {"path":"C:\\Labs\\caderno-exercicios-js\\06.js","statementMap":{"0":{"start":{"line":12,"column":14},"end":{"line":12,"column":30}},"1":{"start":{"line":14,"column":15},"end":{"line":14,"column":210}},"2":{"start":{"line":14,"column":23},"end":{"line":14,"column":210}},"3":{"start":{"line":16,"column":22},"end":{"line":16,"column":43}},"4":{"start":{"line":16,"column":29},"end":{"line":16,"column":43}},"5":{"start":{"line":17,"column":28},"end":{"line":17,"column":65}},"6":{"start":{"line":17,"column":35},"end":{"line":17,"column":65}},"7":{"start":{"line":18,"column":17},"end":{"line":21,"column":1}},"8":{"start":{"line":19,"column":18},"end":{"line":19,"column":28}},"9":{"start":{"line":20,"column":4},"end":{"line":20,"column":79}},"10":{"start":{"line":22,"column":19},"end":{"line":32,"column":1}},"11":{"start":{"line":23,"column":4},"end":{"line":31,"column":5}},"12":{"start":{"line":24,"column":20},"end":{"line":24,"column":38}},"13":{"start":{"line":25,"column":20},"end":{"line":25,"column":44}},"14":{"start":{"line":26,"column":29},"end":{"line":26,"column":53}},"15":{"start":{"line":27,"column":8},"end":{"line":27,"column":27}},"16":{"start":{"line":30,"column":8},"end":{"line":30,"column":17}},"17":{"start":{"line":34,"column":0},"end":{"line":37,"column":4}},"18":{"start":{"line":35,"column":20},"end":{"line":35,"column":38}},"19":{"start":{"line":36,"column":4},"end":{"line":36,"column":35}},"20":{"start":{"line":39,"column":0},"end":{"line":42,"column":1}}},"fnMap":{"0":{"name":"(anonymous_0)","decl":{"start":{"line":14,"column":15},"end":{"line":14,"column":16}},"loc":{"start":{"line":14,"column":23},"end":{"line":14,"column":210}},"line":14},"1":{"name":"(anonymous_1)","decl":{"start":{"line":16,"column":22},"end":{"line":16,"column":23}},"loc":{"start":{"line":16,"column":29},"end":{"line":16,"column":43}},"line":16},"2":{"name":"(anonymous_2)","decl":{"start":{"line":17,"column":28},"end":{"line":17,"column":29}},"loc":{"start":{"line":17,"column":35},"end":{"line":17,"column":65}},"line":17},"3":{"name":"(anonymous_3)","decl":{"start":{"line":18,"column":17},"end":{"line":18,"column":18}},"loc":{"start":{"line":18,"column":23},"end":{"line":21,"column":1}},"line":18},"4":{"name":"(anonymous_4)","decl":{"start":{"line":22,"column":19},"end":{"line":22,"column":20}},"loc":{"start":{"line":22,"column":30},"end":{"line":32,"column":1}},"line":22},"5":{"name":"(anonymous_5)","decl":{"start":{"line":34,"column":1},"end":{"line":34,"column":2}},"loc":{"start":{"line":34,"column":10},"end":{"line":37,"column":1}},"line":34}},"branchMap":{},"s":{"0":1,"1":1,"2":1,"3":1,"4":2,"5":1,"6":2,"7":1,"8":1,"9":1,"10":1,"11":1,"12":1,"13":1,"14":1,"15":0,"16":1,"17":1,"18":1,"19":1,"20":1},"f":{"0":1,"1":2,"2":2,"3":1,"4":1,"5":1},"b":{},"_coverageSchema":"1a1c01bbd47fc00a2c39e90264f33305004495a9","hash":"86dc87d1d2f8c328c3c748c91f10f0d07e4072da"}
}
